<?xml version="1.0" encoding="UTF-8"?>
<!-- Generated by org.testng.reporters.JUnitReportReporter -->
<testsuite hostname="DESKTOP-APDGIAT" failures="0" tests="1" name="testngday2.Second" time="0.002" errors="0" timestamp="2024-09-24T16:05:39 IST" skipped="0">
  <testcase classname="testngday2.Second" name="B1" time="0.002"/>
</testsuite> <!-- testngday2.Second -->
