<?xml version="1.0" encoding="UTF-8"?>
<!-- Generated by org.testng.reporters.JUnitReportReporter -->
<testsuite hostname="DESKTOP-APDGIAT" failures="0" tests="2" name="testpage.TestWebForm" time="6.282" errors="0" timestamp="2024-09-23T16:03:39 IST" skipped="0">
  <testcase classname="testpage.TestWebForm" name="OpenWebPage" time="6.059"/>
  <testcase classname="testpage.TestWebForm" name="EnterData" time="0.223"/>
</testsuite> <!-- testpage.TestWebForm -->
