<?xml version="1.0" encoding="UTF-8"?>
<!-- Generated by org.testng.reporters.JUnitReportReporter -->
<testsuite hostname="DESKTOP-APDGIAT" failures="0" tests="2" name="testngday4.Indeedpage" time="6.295" errors="0" timestamp="2024-09-26T16:01:00 IST" skipped="0">
  <testcase classname="testngday4.Indeedpage" name="A" time="5.802"/>
  <testcase classname="testngday4.Indeedpage" name="B" time="0.493"/>
</testsuite> <!-- testngday4.Indeedpage -->
