<?xml version="1.0" encoding="UTF-8"?>
<!-- Generated by org.testng.reporters.JUnitReportReporter -->
<testsuite hostname="DESKTOP-APDGIAT" failures="0" tests="3" name="testngday2.First" time="0.020" errors="0" timestamp="2024-09-24T16:05:39 IST" skipped="0">
  <testcase classname="testngday2.First" name="C" time="0.002"/>
  <testcase classname="testngday2.First" name="B" time="0.012"/>
  <testcase classname="testngday2.First" name="A" time="0.006"/>
</testsuite> <!-- testngday2.First -->
