<?xml version="1.0" encoding="UTF-8"?>
<!-- Generated by org.testng.reporters.JUnitReportReporter -->
<testsuite hostname="DESKTOP-APDGIAT" failures="0" tests="2" name="testngday1.Firstpage" time="0.029" errors="0" timestamp="2024-09-23T15:51:48 IST" skipped="0">
  <testcase classname="testngday1.Firstpage" name="OpenWebpage" time="0.023"/>
  <testcase classname="testngday1.Firstpage" name="OpenWebpage1" time="0.006"/>
</testsuite> <!-- testngday1.Firstpage -->
